  -- Install configuration: "Debug"
  -- Installing: C:/Program Files/Eigen3/include/eigen3/signature_of_eigen3_matrix_library
  -- Installing: C:/Program Files/Eigen3/share/eigen3/cmake/Eigen3Targets.cmake
  -- Installing: C:/Program Files/Eigen3/share/eigen3/cmake/UseEigen3.cmake
  -- Installing: C:/Program Files/Eigen3/share/eigen3/cmake/Eigen3Config.cmake
  -- Installing: C:/Program Files/Eigen3/share/eigen3/cmake/Eigen3ConfigVersion.cmake
  -- Installing: C:/Program Files/Eigen3/include/eigen3/Eigen/Cholesky
  -- Installing: C:/Program Files/Eigen3/include/eigen3/Eigen/CholmodSupport
  -- Installing: C:/Program Files/Eigen3/include/eigen3/Eigen/Core
  -- Installing: C:/Program Files/Eigen3/include/eigen3/Eigen/Dense
  -- Installing: C:/Program Files/Eigen3/include/eigen3/Eigen/Eigen
  -- Installing: C:/Program Files/Eigen3/include/eigen3/Eigen/Eigenvalues
  -- Installing: C:/Program Files/Eigen3/include/eigen3/Eigen/Geometry
  -- Installing: C:/Program Files/Eigen3/include/eigen3/Eigen/Householder
  -- Installing: C:/Program Files/Eigen3/include/eigen3/Eigen/IterativeLinearSolvers
  -- Installing: C:/Program Files/Eigen3/include/eigen3/Eigen/Jacobi
  -- Installing: C:/Program Files/Eigen3/include/eigen3/Eigen/KLUSupport
  -- Installing: C:/Program Files/Eigen3/include/eigen3/Eigen/LU
  -- Installing: C:/Program Files/Eigen3/include/eigen3/Eigen/MetisSupport
  -- Installing: C:/Program Files/Eigen3/include/eigen3/Eigen/OrderingMethods
  -- Installing: C:/Program Files/Eigen3/include/eigen3/Eigen/PaStiXSupport
  -- Installing: C:/Program Files/Eigen3/include/eigen3/Eigen/PardisoSupport
  -- Installing: C:/Program Files/Eigen3/include/eigen3/Eigen/QR
  -- Installing: C:/Program Files/Eigen3/include/eigen3/Eigen/QtAlignedMalloc
  -- Installing: C:/Program Files/Eigen3/include/eigen3/Eigen/SPQRSupport
  -- Installing: C:/Program Files/Eigen3/include/eigen3/Eigen/SVD
  -- Installing: C:/Program Files/Eigen3/include/eigen3/Eigen/Sparse
  -- Installing: C:/Program Files/Eigen3/include/eigen3/Eigen/SparseCholesky
  -- Installing: C:/Program Files/Eigen3/include/eigen3/Eigen/SparseCore
  -- Installing: C:/Program Files/Eigen3/include/eigen3/Eigen/SparseLU
  -- Installing: C:/Program Files/Eigen3/include/eigen3/Eigen/SparseQR
  -- Installing: C:/Program Files/Eigen3/include/eigen3/Eigen/StdDeque
  -- Installing: C:/Program Files/Eigen3/include/eigen3/Eigen/StdList
  -- Installing: C:/Program Files/Eigen3/include/eigen3/Eigen/StdVector
  -- Installing: C:/Program Files/Eigen3/include/eigen3/Eigen/SuperLUSupport
  -- Installing: C:/Program Files/Eigen3/include/eigen3/Eigen/UmfPackSupport
  -- Installing: C:/Program Files/Eigen3/include/eigen3/Eigen/src
  -- Installing: C:/Program Files/Eigen3/include/eigen3/Eigen/src/Cholesky
  -- Installing: C:/Program Files/Eigen3/include/eigen3/Eigen/src/Cholesky/LDLT.h
  -- Installing: C:/Program Files/Eigen3/include/eigen3/Eigen/src/Cholesky/LLT.h
  -- Installing: C:/Program Files/Eigen3/include/eigen3/Eigen/src/Cholesky/LLT_LAPACKE.h
  -- Installing: C:/Program Files/Eigen3/include/eigen3/Eigen/src/CholmodSupport
  -- Installing: C:/Program Files/Eigen3/include/eigen3/Eigen/src/CholmodSupport/CholmodSupport.h
  -- Installing: C:/Program Files/Eigen3/include/eigen3/Eigen/src/Core
  -- Installing: C:/Program Files/Eigen3/include/eigen3/Eigen/src/Core/arch
  -- Installing: C:/Program Files/Eigen3/include/eigen3/Eigen/src/Core/arch/AltiVec
  -- Installing: C:/Program Files/Eigen3/include/eigen3/Eigen/src/Core/arch/AltiVec/Complex.h
  -- Installing: C:/Program Files/Eigen3/include/eigen3/Eigen/src/Core/arch/AltiVec/MathFunctions.h
  -- Installing: C:/Program Files/Eigen3/include/eigen3/Eigen/src/Core/arch/AltiVec/PacketMath.h
  -- Installing: C:/Program Files/Eigen3/include/eigen3/Eigen/src/Core/arch/AVX
  -- Installing: C:/Program Files/Eigen3/include/eigen3/Eigen/src/Core/arch/AVX/Complex.h
  -- Installing: C:/Program Files/Eigen3/include/eigen3/Eigen/src/Core/arch/AVX/MathFunctions.h
  -- Installing: C:/Program Files/Eigen3/include/eigen3/Eigen/src/Core/arch/AVX/PacketMath.h
  -- Installing: C:/Program Files/Eigen3/include/eigen3/Eigen/src/Core/arch/AVX/TypeCasting.h
  -- Installing: C:/Program Files/Eigen3/include/eigen3/Eigen/src/Core/arch/AVX512
  -- Installing: C:/Program Files/Eigen3/include/eigen3/Eigen/src/Core/arch/AVX512/Complex.h
  -- Installing: C:/Program Files/Eigen3/include/eigen3/Eigen/src/Core/arch/AVX512/MathFunctions.h
  -- Installing: C:/Program Files/Eigen3/include/eigen3/Eigen/src/Core/arch/AVX512/PacketMath.h
  -- Installing: C:/Program Files/Eigen3/include/eigen3/Eigen/src/Core/arch/CUDA
  -- Installing: C:/Program Files/Eigen3/include/eigen3/Eigen/src/Core/arch/CUDA/Complex.h
  -- Installing: C:/Program Files/Eigen3/include/eigen3/Eigen/src/Core/arch/Default
  -- Installing: C:/Program Files/Eigen3/include/eigen3/Eigen/src/Core/arch/Default/ConjHelper.h
  -- Installing: C:/Program Files/Eigen3/include/eigen3/Eigen/src/Core/arch/Default/GenericPacketMathFunctions.h
  -- Installing: C:/Program Files/Eigen3/include/eigen3/Eigen/src/Core/arch/Default/Settings.h
  -- Installing: C:/Program Files/Eigen3/include/eigen3/Eigen/src/Core/arch/GPU
  -- Installing: C:/Program Files/Eigen3/include/eigen3/Eigen/src/Core/arch/GPU/Half.h
  -- Installing: C:/Program Files/Eigen3/include/eigen3/Eigen/src/Core/arch/GPU/MathFunctions.h
  -- Installing: C:/Program Files/Eigen3/include/eigen3/Eigen/src/Core/arch/GPU/PacketMath.h
  -- Installing: C:/Program Files/Eigen3/include/eigen3/Eigen/src/Core/arch/GPU/PacketMathHalf.h
  -- Installing: C:/Program Files/Eigen3/include/eigen3/Eigen/src/Core/arch/GPU/TypeCasting.h
  -- Installing: C:/Program Files/Eigen3/include/eigen3/Eigen/src/Core/arch/HIP
  -- Installing: C:/Program Files/Eigen3/include/eigen3/Eigen/src/Core/arch/HIP/hcc
  -- Installing: C:/Program Files/Eigen3/include/eigen3/Eigen/src/Core/arch/HIP/hcc/math_constants.h
  -- Installing: C:/Program Files/Eigen3/include/eigen3/Eigen/src/Core/arch/MSA
  -- Installing: C:/Program Files/Eigen3/include/eigen3/Eigen/src/Core/arch/MSA/Complex.h
  -- Installing: C:/Program Files/Eigen3/include/eigen3/Eigen/src/Core/arch/MSA/MathFunctions.h
  -- Installing: C:/Program Files/Eigen3/include/eigen3/Eigen/src/Core/arch/MSA/PacketMath.h
  -- Installing: C:/Program Files/Eigen3/include/eigen3/Eigen/src/Core/arch/NEON
  -- Installing: C:/Program Files/Eigen3/include/eigen3/Eigen/src/Core/arch/NEON/Complex.h
  -- Installing: C:/Program Files/Eigen3/include/eigen3/Eigen/src/Core/arch/NEON/MathFunctions.h
  -- Installing: C:/Program Files/Eigen3/include/eigen3/Eigen/src/Core/arch/NEON/PacketMath.h
  -- Installing: C:/Program Files/Eigen3/include/eigen3/Eigen/src/Core/arch/NEON/TypeCasting.h
  -- Installing: C:/Program Files/Eigen3/include/eigen3/Eigen/src/Core/arch/SSE
  -- Installing: C:/Program Files/Eigen3/include/eigen3/Eigen/src/Core/arch/SSE/Complex.h
  -- Installing: C:/Program Files/Eigen3/include/eigen3/Eigen/src/Core/arch/SSE/MathFunctions.h
  -- Installing: C:/Program Files/Eigen3/include/eigen3/Eigen/src/Core/arch/SSE/PacketMath.h
  -- Installing: C:/Program Files/Eigen3/include/eigen3/Eigen/src/Core/arch/SSE/TypeCasting.h
  -- Installing: C:/Program Files/Eigen3/include/eigen3/Eigen/src/Core/arch/SYCL
  -- Installing: C:/Program Files/Eigen3/include/eigen3/Eigen/src/Core/arch/SYCL/InteropHeaders.h
  -- Installing: C:/Program Files/Eigen3/include/eigen3/Eigen/src/Core/arch/SYCL/MathFunctions.h
  -- Installing: C:/Program Files/Eigen3/include/eigen3/Eigen/src/Core/arch/SYCL/PacketMath.h
  -- Installing: C:/Program Files/Eigen3/include/eigen3/Eigen/src/Core/arch/SYCL/TypeCasting.h
  -- Installing: C:/Program Files/Eigen3/include/eigen3/Eigen/src/Core/arch/ZVector
  -- Installing: C:/Program Files/Eigen3/include/eigen3/Eigen/src/Core/arch/ZVector/Complex.h
  -- Installing: C:/Program Files/Eigen3/include/eigen3/Eigen/src/Core/arch/ZVector/MathFunctions.h
  -- Installing: C:/Program Files/Eigen3/include/eigen3/Eigen/src/Core/arch/ZVector/PacketMath.h
  -- Installing: C:/Program Files/Eigen3/include/eigen3/Eigen/src/Core/ArithmeticSequence.h
  -- Installing: C:/Program Files/Eigen3/include/eigen3/Eigen/src/Core/Array.h
  -- Installing: C:/Program Files/Eigen3/include/eigen3/Eigen/src/Core/ArrayBase.h
  -- Installing: C:/Program Files/Eigen3/include/eigen3/Eigen/src/Core/ArrayWrapper.h
  -- Installing: C:/Program Files/Eigen3/include/eigen3/Eigen/src/Core/Assign.h
  -- Installing: C:/Program Files/Eigen3/include/eigen3/Eigen/src/Core/AssignEvaluator.h
  -- Installing: C:/Program Files/Eigen3/include/eigen3/Eigen/src/Core/Assign_MKL.h
  -- Installing: C:/Program Files/Eigen3/include/eigen3/Eigen/src/Core/BandMatrix.h
  -- Installing: C:/Program Files/Eigen3/include/eigen3/Eigen/src/Core/Block.h
  -- Installing: C:/Program Files/Eigen3/include/eigen3/Eigen/src/Core/BooleanRedux.h
  -- Installing: C:/Program Files/Eigen3/include/eigen3/Eigen/src/Core/CommaInitializer.h
  -- Installing: C:/Program Files/Eigen3/include/eigen3/Eigen/src/Core/ConditionEstimator.h
  -- Installing: C:/Program Files/Eigen3/include/eigen3/Eigen/src/Core/CoreEvaluators.h
  -- Installing: C:/Program Files/Eigen3/include/eigen3/Eigen/src/Core/CoreIterators.h
  -- Installing: C:/Program Files/Eigen3/include/eigen3/Eigen/src/Core/CwiseBinaryOp.h
  -- Installing: C:/Program Files/Eigen3/include/eigen3/Eigen/src/Core/CwiseNullaryOp.h
  -- Installing: C:/Program Files/Eigen3/include/eigen3/Eigen/src/Core/CwiseTernaryOp.h
  -- Installing: C:/Program Files/Eigen3/include/eigen3/Eigen/src/Core/CwiseUnaryOp.h
  -- Installing: C:/Program Files/Eigen3/include/eigen3/Eigen/src/Core/CwiseUnaryView.h
  -- Installing: C:/Program Files/Eigen3/include/eigen3/Eigen/src/Core/DenseBase.h
  -- Installing: C:/Program Files/Eigen3/include/eigen3/Eigen/src/Core/DenseCoeffsBase.h
  -- Installing: C:/Program Files/Eigen3/include/eigen3/Eigen/src/Core/DenseStorage.h
  -- Installing: C:/Program Files/Eigen3/include/eigen3/Eigen/src/Core/Diagonal.h
  -- Installing: C:/Program Files/Eigen3/include/eigen3/Eigen/src/Core/DiagonalMatrix.h
  -- Installing: C:/Program Files/Eigen3/include/eigen3/Eigen/src/Core/DiagonalProduct.h
  -- Installing: C:/Program Files/Eigen3/include/eigen3/Eigen/src/Core/Dot.h
  -- Installing: C:/Program Files/Eigen3/include/eigen3/Eigen/src/Core/EigenBase.h
  -- Installing: C:/Program Files/Eigen3/include/eigen3/Eigen/src/Core/ForceAlignedAccess.h
  -- Installing: C:/Program Files/Eigen3/include/eigen3/Eigen/src/Core/functors
  -- Installing: C:/Program Files/Eigen3/include/eigen3/Eigen/src/Core/functors/AssignmentFunctors.h
  -- Installing: C:/Program Files/Eigen3/include/eigen3/Eigen/src/Core/functors/BinaryFunctors.h
  -- Installing: C:/Program Files/Eigen3/include/eigen3/Eigen/src/Core/functors/NullaryFunctors.h
  -- Installing: C:/Program Files/Eigen3/include/eigen3/Eigen/src/Core/functors/StlFunctors.h
  -- Installing: C:/Program Files/Eigen3/include/eigen3/Eigen/src/Core/functors/TernaryFunctors.h
  -- Installing: C:/Program Files/Eigen3/include/eigen3/Eigen/src/Core/functors/UnaryFunctors.h
  -- Installing: C:/Program Files/Eigen3/include/eigen3/Eigen/src/Core/Fuzzy.h
  -- Installing: C:/Program Files/Eigen3/include/eigen3/Eigen/src/Core/GeneralProduct.h
  -- Installing: C:/Program Files/Eigen3/include/eigen3/Eigen/src/Core/GenericPacketMath.h
  -- Installing: C:/Program Files/Eigen3/include/eigen3/Eigen/src/Core/GlobalFunctions.h
  -- Installing: C:/Program Files/Eigen3/include/eigen3/Eigen/src/Core/IndexedView.h
  -- Installing: C:/Program Files/Eigen3/include/eigen3/Eigen/src/Core/Inverse.h
  -- Installing: C:/Program Files/Eigen3/include/eigen3/Eigen/src/Core/IO.h
  -- Installing: C:/Program Files/Eigen3/include/eigen3/Eigen/src/Core/Map.h
  -- Installing: C:/Program Files/Eigen3/include/eigen3/Eigen/src/Core/MapBase.h
  -- Installing: C:/Program Files/Eigen3/include/eigen3/Eigen/src/Core/MathFunctions.h
  -- Installing: C:/Program Files/Eigen3/include/eigen3/Eigen/src/Core/MathFunctionsImpl.h
  -- Installing: C:/Program Files/Eigen3/include/eigen3/Eigen/src/Core/Matrix.h
  -- Installing: C:/Program Files/Eigen3/include/eigen3/Eigen/src/Core/MatrixBase.h
  -- Installing: C:/Program Files/Eigen3/include/eigen3/Eigen/src/Core/NestByValue.h
  -- Installing: C:/Program Files/Eigen3/include/eigen3/Eigen/src/Core/NoAlias.h
  -- Installing: C:/Program Files/Eigen3/include/eigen3/Eigen/src/Core/NumTraits.h
  -- Installing: C:/Program Files/Eigen3/include/eigen3/Eigen/src/Core/PartialReduxEvaluator.h
  -- Installing: C:/Program Files/Eigen3/include/eigen3/Eigen/src/Core/PermutationMatrix.h
  -- Installing: C:/Program Files/Eigen3/include/eigen3/Eigen/src/Core/PlainObjectBase.h
  -- Installing: C:/Program Files/Eigen3/include/eigen3/Eigen/src/Core/Product.h
  -- Installing: C:/Program Files/Eigen3/include/eigen3/Eigen/src/Core/ProductEvaluators.h
  -- Installing: C:/Program Files/Eigen3/include/eigen3/Eigen/src/Core/products
  -- Installing: C:/Program Files/Eigen3/include/eigen3/Eigen/src/Core/products/GeneralBlockPanelKernel.h
  -- Installing: C:/Program Files/Eigen3/include/eigen3/Eigen/src/Core/products/GeneralMatrixMatrix.h
  -- Installing: C:/Program Files/Eigen3/include/eigen3/Eigen/src/Core/products/GeneralMatrixMatrixTriangular.h
  -- Installing: C:/Program Files/Eigen3/include/eigen3/Eigen/src/Core/products/GeneralMatrixMatrixTriangular_BLAS.h
  -- Installing: C:/Program Files/Eigen3/include/eigen3/Eigen/src/Core/products/GeneralMatrixMatrix_BLAS.h
  -- Installing: C:/Program Files/Eigen3/include/eigen3/Eigen/src/Core/products/GeneralMatrixVector.h
  -- Installing: C:/Program Files/Eigen3/include/eigen3/Eigen/src/Core/products/GeneralMatrixVector_BLAS.h
  -- Installing: C:/Program Files/Eigen3/include/eigen3/Eigen/src/Core/products/Parallelizer.h
  -- Installing: C:/Program Files/Eigen3/include/eigen3/Eigen/src/Core/products/SelfadjointMatrixMatrix.h
  -- Installing: C:/Program Files/Eigen3/include/eigen3/Eigen/src/Core/products/SelfadjointMatrixMatrix_BLAS.h
  -- Installing: C:/Program Files/Eigen3/include/eigen3/Eigen/src/Core/products/SelfadjointMatrixVector.h
  -- Installing: C:/Program Files/Eigen3/include/eigen3/Eigen/src/Core/products/SelfadjointMatrixVector_BLAS.h
  -- Installing: C:/Program Files/Eigen3/include/eigen3/Eigen/src/Core/products/SelfadjointProduct.h
  -- Installing: C:/Program Files/Eigen3/include/eigen3/Eigen/src/Core/products/SelfadjointRank2Update.h
  -- Installing: C:/Program Files/Eigen3/include/eigen3/Eigen/src/Core/products/TriangularMatrixMatrix.h
  -- Installing: C:/Program Files/Eigen3/include/eigen3/Eigen/src/Core/products/TriangularMatrixMatrix_BLAS.h
  -- Installing: C:/Program Files/Eigen3/include/eigen3/Eigen/src/Core/products/TriangularMatrixVector.h
  -- Installing: C:/Program Files/Eigen3/include/eigen3/Eigen/src/Core/products/TriangularMatrixVector_BLAS.h
  -- Installing: C:/Program Files/Eigen3/include/eigen3/Eigen/src/Core/products/TriangularSolverMatrix.h
  -- Installing: C:/Program Files/Eigen3/include/eigen3/Eigen/src/Core/products/TriangularSolverMatrix_BLAS.h
  -- Installing: C:/Program Files/Eigen3/include/eigen3/Eigen/src/Core/products/TriangularSolverVector.h
  -- Installing: C:/Program Files/Eigen3/include/eigen3/Eigen/src/Core/Random.h
  -- Installing: C:/Program Files/Eigen3/include/eigen3/Eigen/src/Core/Redux.h
  -- Installing: C:/Program Files/Eigen3/include/eigen3/Eigen/src/Core/Ref.h
  -- Installing: C:/Program Files/Eigen3/include/eigen3/Eigen/src/Core/Replicate.h
  -- Installing: C:/Program Files/Eigen3/include/eigen3/Eigen/src/Core/Reshaped.h
  -- Installing: C:/Program Files/Eigen3/include/eigen3/Eigen/src/Core/ReturnByValue.h
  -- Installing: C:/Program Files/Eigen3/include/eigen3/Eigen/src/Core/Reverse.h
  -- Installing: C:/Program Files/Eigen3/include/eigen3/Eigen/src/Core/Select.h
  -- Installing: C:/Program Files/Eigen3/include/eigen3/Eigen/src/Core/SelfAdjointView.h
  -- Installing: C:/Program Files/Eigen3/include/eigen3/Eigen/src/Core/SelfCwiseBinaryOp.h
  -- Installing: C:/Program Files/Eigen3/include/eigen3/Eigen/src/Core/Solve.h
  -- Installing: C:/Program Files/Eigen3/include/eigen3/Eigen/src/Core/SolverBase.h
  -- Installing: C:/Program Files/Eigen3/include/eigen3/Eigen/src/Core/SolveTriangular.h
  -- Installing: C:/Program Files/Eigen3/include/eigen3/Eigen/src/Core/StableNorm.h
  -- Installing: C:/Program Files/Eigen3/include/eigen3/Eigen/src/Core/StlIterators.h
  -- Installing: C:/Program Files/Eigen3/include/eigen3/Eigen/src/Core/Stride.h
  -- Installing: C:/Program Files/Eigen3/include/eigen3/Eigen/src/Core/Swap.h
  -- Installing: C:/Program Files/Eigen3/include/eigen3/Eigen/src/Core/Transpose.h
  -- Installing: C:/Program Files/Eigen3/include/eigen3/Eigen/src/Core/Transpositions.h
  -- Installing: C:/Program Files/Eigen3/include/eigen3/Eigen/src/Core/TriangularMatrix.h
  -- Installing: C:/Program Files/Eigen3/include/eigen3/Eigen/src/Core/util
  -- Installing: C:/Program Files/Eigen3/include/eigen3/Eigen/src/Core/util/BlasUtil.h
  -- Installing: C:/Program Files/Eigen3/include/eigen3/Eigen/src/Core/util/ConfigureVectorization.h
  -- Installing: C:/Program Files/Eigen3/include/eigen3/Eigen/src/Core/util/Constants.h
  -- Installing: C:/Program Files/Eigen3/include/eigen3/Eigen/src/Core/util/DisableStupidWarnings.h
  -- Installing: C:/Program Files/Eigen3/include/eigen3/Eigen/src/Core/util/ForwardDeclarations.h
  -- Installing: C:/Program Files/Eigen3/include/eigen3/Eigen/src/Core/util/IndexedViewHelper.h
  -- Installing: C:/Program Files/Eigen3/include/eigen3/Eigen/src/Core/util/IntegralConstant.h
  -- Installing: C:/Program Files/Eigen3/include/eigen3/Eigen/src/Core/util/Macros.h
  -- Installing: C:/Program Files/Eigen3/include/eigen3/Eigen/src/Core/util/Memory.h
  -- Installing: C:/Program Files/Eigen3/include/eigen3/Eigen/src/Core/util/Meta.h
  -- Installing: C:/Program Files/Eigen3/include/eigen3/Eigen/src/Core/util/MKL_support.h
  -- Installing: C:/Program Files/Eigen3/include/eigen3/Eigen/src/Core/util/NonMPL2.h
  -- Installing: C:/Program Files/Eigen3/include/eigen3/Eigen/src/Core/util/ReenableStupidWarnings.h
  -- Installing: C:/Program Files/Eigen3/include/eigen3/Eigen/src/Core/util/ReshapedHelper.h
  -- Installing: C:/Program Files/Eigen3/include/eigen3/Eigen/src/Core/util/StaticAssert.h
  -- Installing: C:/Program Files/Eigen3/include/eigen3/Eigen/src/Core/util/SymbolicIndex.h
  -- Installing: C:/Program Files/Eigen3/include/eigen3/Eigen/src/Core/util/XprHelper.h
  -- Installing: C:/Program Files/Eigen3/include/eigen3/Eigen/src/Core/VectorBlock.h
  -- Installing: C:/Program Files/Eigen3/include/eigen3/Eigen/src/Core/VectorwiseOp.h
  -- Installing: C:/Program Files/Eigen3/include/eigen3/Eigen/src/Core/Visitor.h
  -- Installing: C:/Program Files/Eigen3/include/eigen3/Eigen/src/Eigenvalues
  -- Installing: C:/Program Files/Eigen3/include/eigen3/Eigen/src/Eigenvalues/ComplexEigenSolver.h
  -- Installing: C:/Program Files/Eigen3/include/eigen3/Eigen/src/Eigenvalues/ComplexSchur.h
  -- Installing: C:/Program Files/Eigen3/include/eigen3/Eigen/src/Eigenvalues/ComplexSchur_LAPACKE.h
  -- Installing: C:/Program Files/Eigen3/include/eigen3/Eigen/src/Eigenvalues/EigenSolver.h
  -- Installing: C:/Program Files/Eigen3/include/eigen3/Eigen/src/Eigenvalues/GeneralizedEigenSolver.h
  -- Installing: C:/Program Files/Eigen3/include/eigen3/Eigen/src/Eigenvalues/GeneralizedSelfAdjointEigenSolver.h
  -- Installing: C:/Program Files/Eigen3/include/eigen3/Eigen/src/Eigenvalues/HessenbergDecomposition.h
  -- Installing: C:/Program Files/Eigen3/include/eigen3/Eigen/src/Eigenvalues/MatrixBaseEigenvalues.h
  -- Installing: C:/Program Files/Eigen3/include/eigen3/Eigen/src/Eigenvalues/RealQZ.h
  -- Installing: C:/Program Files/Eigen3/include/eigen3/Eigen/src/Eigenvalues/RealSchur.h
  -- Installing: C:/Program Files/Eigen3/include/eigen3/Eigen/src/Eigenvalues/RealSchur_LAPACKE.h
  -- Installing: C:/Program Files/Eigen3/include/eigen3/Eigen/src/Eigenvalues/SelfAdjointEigenSolver.h
  -- Installing: C:/Program Files/Eigen3/include/eigen3/Eigen/src/Eigenvalues/SelfAdjointEigenSolver_LAPACKE.h
  -- Installing: C:/Program Files/Eigen3/include/eigen3/Eigen/src/Eigenvalues/Tridiagonalization.h
  -- Installing: C:/Program Files/Eigen3/include/eigen3/Eigen/src/Geometry
  -- Installing: C:/Program Files/Eigen3/include/eigen3/Eigen/src/Geometry/AlignedBox.h
  -- Installing: C:/Program Files/Eigen3/include/eigen3/Eigen/src/Geometry/AngleAxis.h
  -- Installing: C:/Program Files/Eigen3/include/eigen3/Eigen/src/Geometry/arch
  -- Installing: C:/Program Files/Eigen3/include/eigen3/Eigen/src/Geometry/arch/Geometry_SSE.h
  -- Installing: C:/Program Files/Eigen3/include/eigen3/Eigen/src/Geometry/EulerAngles.h
  -- Installing: C:/Program Files/Eigen3/include/eigen3/Eigen/src/Geometry/Homogeneous.h
  -- Installing: C:/Program Files/Eigen3/include/eigen3/Eigen/src/Geometry/Hyperplane.h
  -- Installing: C:/Program Files/Eigen3/include/eigen3/Eigen/src/Geometry/OrthoMethods.h
  -- Installing: C:/Program Files/Eigen3/include/eigen3/Eigen/src/Geometry/ParametrizedLine.h
  -- Installing: C:/Program Files/Eigen3/include/eigen3/Eigen/src/Geometry/Quaternion.h
  -- Installing: C:/Program Files/Eigen3/include/eigen3/Eigen/src/Geometry/Rotation2D.h
  -- Installing: C:/Program Files/Eigen3/include/eigen3/Eigen/src/Geometry/RotationBase.h
  -- Installing: C:/Program Files/Eigen3/include/eigen3/Eigen/src/Geometry/Scaling.h
  -- Installing: C:/Program Files/Eigen3/include/eigen3/Eigen/src/Geometry/Transform.h
  -- Installing: C:/Program Files/Eigen3/include/eigen3/Eigen/src/Geometry/Translation.h
  -- Installing: C:/Program Files/Eigen3/include/eigen3/Eigen/src/Geometry/Umeyama.h
  -- Installing: C:/Program Files/Eigen3/include/eigen3/Eigen/src/Householder
  -- Installing: C:/Program Files/Eigen3/include/eigen3/Eigen/src/Householder/BlockHouseholder.h
  -- Installing: C:/Program Files/Eigen3/include/eigen3/Eigen/src/Householder/Householder.h
  -- Installing: C:/Program Files/Eigen3/include/eigen3/Eigen/src/Householder/HouseholderSequence.h
  -- Installing: C:/Program Files/Eigen3/include/eigen3/Eigen/src/IterativeLinearSolvers
  -- Installing: C:/Program Files/Eigen3/include/eigen3/Eigen/src/IterativeLinearSolvers/BasicPreconditioners.h
  -- Installing: C:/Program Files/Eigen3/include/eigen3/Eigen/src/IterativeLinearSolvers/BiCGSTAB.h
  -- Installing: C:/Program Files/Eigen3/include/eigen3/Eigen/src/IterativeLinearSolvers/ConjugateGradient.h
  -- Installing: C:/Program Files/Eigen3/include/eigen3/Eigen/src/IterativeLinearSolvers/IncompleteCholesky.h
  -- Installing: C:/Program Files/Eigen3/include/eigen3/Eigen/src/IterativeLinearSolvers/IncompleteLUT.h
  -- Installing: C:/Program Files/Eigen3/include/eigen3/Eigen/src/IterativeLinearSolvers/IterativeSolverBase.h
  -- Installing: C:/Program Files/Eigen3/include/eigen3/Eigen/src/IterativeLinearSolvers/LeastSquareConjugateGradient.h
  -- Installing: C:/Program Files/Eigen3/include/eigen3/Eigen/src/IterativeLinearSolvers/SolveWithGuess.h
  -- Installing: C:/Program Files/Eigen3/include/eigen3/Eigen/src/Jacobi
  -- Installing: C:/Program Files/Eigen3/include/eigen3/Eigen/src/Jacobi/Jacobi.h
  -- Installing: C:/Program Files/Eigen3/include/eigen3/Eigen/src/KLUSupport
  -- Installing: C:/Program Files/Eigen3/include/eigen3/Eigen/src/KLUSupport/KLUSupport.h
  -- Installing: C:/Program Files/Eigen3/include/eigen3/Eigen/src/LU
  -- Installing: C:/Program Files/Eigen3/include/eigen3/Eigen/src/LU/arch
  -- Installing: C:/Program Files/Eigen3/include/eigen3/Eigen/src/LU/arch/Inverse_SSE.h
  -- Installing: C:/Program Files/Eigen3/include/eigen3/Eigen/src/LU/Determinant.h
  -- Installing: C:/Program Files/Eigen3/include/eigen3/Eigen/src/LU/FullPivLU.h
  -- Installing: C:/Program Files/Eigen3/include/eigen3/Eigen/src/LU/InverseImpl.h
  -- Installing: C:/Program Files/Eigen3/include/eigen3/Eigen/src/LU/PartialPivLU.h
  -- Installing: C:/Program Files/Eigen3/include/eigen3/Eigen/src/LU/PartialPivLU_LAPACKE.h
  -- Installing: C:/Program Files/Eigen3/include/eigen3/Eigen/src/MetisSupport
  -- Installing: C:/Program Files/Eigen3/include/eigen3/Eigen/src/MetisSupport/MetisSupport.h
  -- Installing: C:/Program Files/Eigen3/include/eigen3/Eigen/src/misc
  -- Installing: C:/Program Files/Eigen3/include/eigen3/Eigen/src/misc/blas.h
  -- Installing: C:/Program Files/Eigen3/include/eigen3/Eigen/src/misc/Image.h
  -- Installing: C:/Program Files/Eigen3/include/eigen3/Eigen/src/misc/Kernel.h
  -- Installing: C:/Program Files/Eigen3/include/eigen3/Eigen/src/misc/lapack.h
  -- Installing: C:/Program Files/Eigen3/include/eigen3/Eigen/src/misc/lapacke.h
  -- Installing: C:/Program Files/Eigen3/include/eigen3/Eigen/src/misc/lapacke_mangling.h
  -- Installing: C:/Program Files/Eigen3/include/eigen3/Eigen/src/misc/RealSvd2x2.h
  -- Installing: C:/Program Files/Eigen3/include/eigen3/Eigen/src/OrderingMethods
  -- Installing: C:/Program Files/Eigen3/include/eigen3/Eigen/src/OrderingMethods/Amd.h
  -- Installing: C:/Program Files/Eigen3/include/eigen3/Eigen/src/OrderingMethods/Eigen_Colamd.h
  -- Installing: C:/Program Files/Eigen3/include/eigen3/Eigen/src/OrderingMethods/Ordering.h
  -- Installing: C:/Program Files/Eigen3/include/eigen3/Eigen/src/PardisoSupport
  -- Installing: C:/Program Files/Eigen3/include/eigen3/Eigen/src/PardisoSupport/PardisoSupport.h
  -- Installing: C:/Program Files/Eigen3/include/eigen3/Eigen/src/PaStiXSupport
  -- Installing: C:/Program Files/Eigen3/include/eigen3/Eigen/src/PaStiXSupport/PaStiXSupport.h
  -- Installing: C:/Program Files/Eigen3/include/eigen3/Eigen/src/plugins
  -- Installing: C:/Program Files/Eigen3/include/eigen3/Eigen/src/plugins/ArrayCwiseBinaryOps.h
  -- Installing: C:/Program Files/Eigen3/include/eigen3/Eigen/src/plugins/ArrayCwiseUnaryOps.h
  -- Installing: C:/Program Files/Eigen3/include/eigen3/Eigen/src/plugins/BlockMethods.h
  -- Installing: C:/Program Files/Eigen3/include/eigen3/Eigen/src/plugins/CommonCwiseBinaryOps.h
  -- Installing: C:/Program Files/Eigen3/include/eigen3/Eigen/src/plugins/CommonCwiseUnaryOps.h
  -- Installing: C:/Program Files/Eigen3/include/eigen3/Eigen/src/plugins/IndexedViewMethods.h
  -- Installing: C:/Program Files/Eigen3/include/eigen3/Eigen/src/plugins/MatrixCwiseBinaryOps.h
  -- Installing: C:/Program Files/Eigen3/include/eigen3/Eigen/src/plugins/MatrixCwiseUnaryOps.h
  -- Installing: C:/Program Files/Eigen3/include/eigen3/Eigen/src/plugins/ReshapedMethods.h
  -- Installing: C:/Program Files/Eigen3/include/eigen3/Eigen/src/QR
  -- Installing: C:/Program Files/Eigen3/include/eigen3/Eigen/src/QR/ColPivHouseholderQR.h
  -- Installing: C:/Program Files/Eigen3/include/eigen3/Eigen/src/QR/ColPivHouseholderQR_LAPACKE.h
  -- Installing: C:/Program Files/Eigen3/include/eigen3/Eigen/src/QR/CompleteOrthogonalDecomposition.h
  -- Installing: C:/Program Files/Eigen3/include/eigen3/Eigen/src/QR/FullPivHouseholderQR.h
  -- Installing: C:/Program Files/Eigen3/include/eigen3/Eigen/src/QR/HouseholderQR.h
  -- Installing: C:/Program Files/Eigen3/include/eigen3/Eigen/src/QR/HouseholderQR_LAPACKE.h
  -- Installing: C:/Program Files/Eigen3/include/eigen3/Eigen/src/SparseCholesky
  -- Installing: C:/Program Files/Eigen3/include/eigen3/Eigen/src/SparseCholesky/SimplicialCholesky.h
  -- Installing: C:/Program Files/Eigen3/include/eigen3/Eigen/src/SparseCholesky/SimplicialCholesky_impl.h
  -- Installing: C:/Program Files/Eigen3/include/eigen3/Eigen/src/SparseCore
  -- Installing: C:/Program Files/Eigen3/include/eigen3/Eigen/src/SparseCore/AmbiVector.h
  -- Installing: C:/Program Files/Eigen3/include/eigen3/Eigen/src/SparseCore/CompressedStorage.h
  -- Installing: C:/Program Files/Eigen3/include/eigen3/Eigen/src/SparseCore/ConservativeSparseSparseProduct.h
  -- Installing: C:/Program Files/Eigen3/include/eigen3/Eigen/src/SparseCore/MappedSparseMatrix.h
  -- Installing: C:/Program Files/Eigen3/include/eigen3/Eigen/src/SparseCore/SparseAssign.h
  -- Installing: C:/Program Files/Eigen3/include/eigen3/Eigen/src/SparseCore/SparseBlock.h
  -- Installing: C:/Program Files/Eigen3/include/eigen3/Eigen/src/SparseCore/SparseColEtree.h
  -- Installing: C:/Program Files/Eigen3/include/eigen3/Eigen/src/SparseCore/SparseCompressedBase.h
  -- Installing: C:/Program Files/Eigen3/include/eigen3/Eigen/src/SparseCore/SparseCwiseBinaryOp.h
  -- Installing: C:/Program Files/Eigen3/include/eigen3/Eigen/src/SparseCore/SparseCwiseUnaryOp.h
  -- Installing: C:/Program Files/Eigen3/include/eigen3/Eigen/src/SparseCore/SparseDenseProduct.h
  -- Installing: C:/Program Files/Eigen3/include/eigen3/Eigen/src/SparseCore/SparseDiagonalProduct.h
  -- Installing: C:/Program Files/Eigen3/include/eigen3/Eigen/src/SparseCore/SparseDot.h
  -- Installing: C:/Program Files/Eigen3/include/eigen3/Eigen/src/SparseCore/SparseFuzzy.h
  -- Installing: C:/Program Files/Eigen3/include/eigen3/Eigen/src/SparseCore/SparseMap.h
  -- Installing: C:/Program Files/Eigen3/include/eigen3/Eigen/src/SparseCore/SparseMatrix.h
  -- Installing: C:/Program Files/Eigen3/include/eigen3/Eigen/src/SparseCore/SparseMatrixBase.h
  -- Installing: C:/Program Files/Eigen3/include/eigen3/Eigen/src/SparseCore/SparsePermutation.h
  -- Installing: C:/Program Files/Eigen3/include/eigen3/Eigen/src/SparseCore/SparseProduct.h
  -- Installing: C:/Program Files/Eigen3/include/eigen3/Eigen/src/SparseCore/SparseRedux.h
  -- Installing: C:/Program Files/Eigen3/include/eigen3/Eigen/src/SparseCore/SparseRef.h
  -- Installing: C:/Program Files/Eigen3/include/eigen3/Eigen/src/SparseCore/SparseSelfAdjointView.h
  -- Installing: C:/Program Files/Eigen3/include/eigen3/Eigen/src/SparseCore/SparseSolverBase.h
  -- Installing: C:/Program Files/Eigen3/include/eigen3/Eigen/src/SparseCore/SparseSparseProductWithPruning.h
  -- Installing: C:/Program Files/Eigen3/include/eigen3/Eigen/src/SparseCore/SparseTranspose.h
  -- Installing: C:/Program Files/Eigen3/include/eigen3/Eigen/src/SparseCore/SparseTriangularView.h
  -- Installing: C:/Program Files/Eigen3/include/eigen3/Eigen/src/SparseCore/SparseUtil.h
  -- Installing: C:/Program Files/Eigen3/include/eigen3/Eigen/src/SparseCore/SparseVector.h
  -- Installing: C:/Program Files/Eigen3/include/eigen3/Eigen/src/SparseCore/SparseView.h
  -- Installing: C:/Program Files/Eigen3/include/eigen3/Eigen/src/SparseCore/TriangularSolver.h
  -- Installing: C:/Program Files/Eigen3/include/eigen3/Eigen/src/SparseLU
  -- Installing: C:/Program Files/Eigen3/include/eigen3/Eigen/src/SparseLU/SparseLU.h
  -- Installing: C:/Program Files/Eigen3/include/eigen3/Eigen/src/SparseLU/SparseLUImpl.h
  -- Installing: C:/Program Files/Eigen3/include/eigen3/Eigen/src/SparseLU/SparseLU_column_bmod.h
  -- Installing: C:/Program Files/Eigen3/include/eigen3/Eigen/src/SparseLU/SparseLU_column_dfs.h
  -- Installing: C:/Program Files/Eigen3/include/eigen3/Eigen/src/SparseLU/SparseLU_copy_to_ucol.h
  -- Installing: C:/Program Files/Eigen3/include/eigen3/Eigen/src/SparseLU/SparseLU_gemm_kernel.h
  -- Installing: C:/Program Files/Eigen3/include/eigen3/Eigen/src/SparseLU/SparseLU_heap_relax_snode.h
  -- Installing: C:/Program Files/Eigen3/include/eigen3/Eigen/src/SparseLU/SparseLU_kernel_bmod.h
  -- Installing: C:/Program Files/Eigen3/include/eigen3/Eigen/src/SparseLU/SparseLU_Memory.h
  -- Installing: C:/Program Files/Eigen3/include/eigen3/Eigen/src/SparseLU/SparseLU_panel_bmod.h
  -- Installing: C:/Program Files/Eigen3/include/eigen3/Eigen/src/SparseLU/SparseLU_panel_dfs.h
  -- Installing: C:/Program Files/Eigen3/include/eigen3/Eigen/src/SparseLU/SparseLU_pivotL.h
  -- Installing: C:/Program Files/Eigen3/include/eigen3/Eigen/src/SparseLU/SparseLU_pruneL.h
  -- Installing: C:/Program Files/Eigen3/include/eigen3/Eigen/src/SparseLU/SparseLU_relax_snode.h
  -- Installing: C:/Program Files/Eigen3/include/eigen3/Eigen/src/SparseLU/SparseLU_Structs.h
  -- Installing: C:/Program Files/Eigen3/include/eigen3/Eigen/src/SparseLU/SparseLU_SupernodalMatrix.h
  -- Installing: C:/Program Files/Eigen3/include/eigen3/Eigen/src/SparseLU/SparseLU_Utils.h
  -- Installing: C:/Program Files/Eigen3/include/eigen3/Eigen/src/SparseQR
  -- Installing: C:/Program Files/Eigen3/include/eigen3/Eigen/src/SparseQR/SparseQR.h
  -- Installing: C:/Program Files/Eigen3/include/eigen3/Eigen/src/SPQRSupport
  -- Installing: C:/Program Files/Eigen3/include/eigen3/Eigen/src/SPQRSupport/SuiteSparseQRSupport.h
  -- Installing: C:/Program Files/Eigen3/include/eigen3/Eigen/src/StlSupport
  -- Installing: C:/Program Files/Eigen3/include/eigen3/Eigen/src/StlSupport/details.h
  -- Installing: C:/Program Files/Eigen3/include/eigen3/Eigen/src/StlSupport/StdDeque.h
  -- Installing: C:/Program Files/Eigen3/include/eigen3/Eigen/src/StlSupport/StdList.h
  -- Installing: C:/Program Files/Eigen3/include/eigen3/Eigen/src/StlSupport/StdVector.h
  -- Installing: C:/Program Files/Eigen3/include/eigen3/Eigen/src/SuperLUSupport
  -- Installing: C:/Program Files/Eigen3/include/eigen3/Eigen/src/SuperLUSupport/SuperLUSupport.h
  -- Installing: C:/Program Files/Eigen3/include/eigen3/Eigen/src/SVD
  -- Installing: C:/Program Files/Eigen3/include/eigen3/Eigen/src/SVD/BDCSVD.h
  -- Installing: C:/Program Files/Eigen3/include/eigen3/Eigen/src/SVD/JacobiSVD.h
  -- Installing: C:/Program Files/Eigen3/include/eigen3/Eigen/src/SVD/JacobiSVD_LAPACKE.h
  -- Installing: C:/Program Files/Eigen3/include/eigen3/Eigen/src/SVD/SVDBase.h
  -- Installing: C:/Program Files/Eigen3/include/eigen3/Eigen/src/SVD/UpperBidiagonalization.h
  -- Installing: C:/Program Files/Eigen3/include/eigen3/Eigen/src/UmfPackSupport
  -- Installing: C:/Program Files/Eigen3/include/eigen3/Eigen/src/UmfPackSupport/UmfPackSupport.h
  -- Installing: C:/Program Files/Eigen3/include/eigen3/unsupported/Eigen/AdolcForward
  -- Installing: C:/Program Files/Eigen3/include/eigen3/unsupported/Eigen/AlignedVector3
  -- Installing: C:/Program Files/Eigen3/include/eigen3/unsupported/Eigen/ArpackSupport
  -- Installing: C:/Program Files/Eigen3/include/eigen3/unsupported/Eigen/AutoDiff
  -- Installing: C:/Program Files/Eigen3/include/eigen3/unsupported/Eigen/BVH
  -- Installing: C:/Program Files/Eigen3/include/eigen3/unsupported/Eigen/EulerAngles
  -- Installing: C:/Program Files/Eigen3/include/eigen3/unsupported/Eigen/FFT
  -- Installing: C:/Program Files/Eigen3/include/eigen3/unsupported/Eigen/IterativeSolvers
  -- Installing: C:/Program Files/Eigen3/include/eigen3/unsupported/Eigen/KroneckerProduct
  -- Installing: C:/Program Files/Eigen3/include/eigen3/unsupported/Eigen/LevenbergMarquardt
  -- Installing: C:/Program Files/Eigen3/include/eigen3/unsupported/Eigen/MatrixFunctions
  -- Installing: C:/Program Files/Eigen3/include/eigen3/unsupported/Eigen/MoreVectorization
  -- Installing: C:/Program Files/Eigen3/include/eigen3/unsupported/Eigen/MPRealSupport
  -- Installing: C:/Program Files/Eigen3/include/eigen3/unsupported/Eigen/NonLinearOptimization
  -- Installing: C:/Program Files/Eigen3/include/eigen3/unsupported/Eigen/NumericalDiff
  -- Installing: C:/Program Files/Eigen3/include/eigen3/unsupported/Eigen/OpenGLSupport
  -- Installing: C:/Program Files/Eigen3/include/eigen3/unsupported/Eigen/Polynomials
  -- Installing: C:/Program Files/Eigen3/include/eigen3/unsupported/Eigen/Skyline
  -- Installing: C:/Program Files/Eigen3/include/eigen3/unsupported/Eigen/SparseExtra
  -- Installing: C:/Program Files/Eigen3/include/eigen3/unsupported/Eigen/SpecialFunctions
  -- Installing: C:/Program Files/Eigen3/include/eigen3/unsupported/Eigen/Splines
  -- Installing: C:/Program Files/Eigen3/include/eigen3/unsupported/Eigen/src
  -- Installing: C:/Program Files/Eigen3/include/eigen3/unsupported/Eigen/src/AutoDiff
  -- Installing: C:/Program Files/Eigen3/include/eigen3/unsupported/Eigen/src/AutoDiff/AutoDiffJacobian.h
  -- Installing: C:/Program Files/Eigen3/include/eigen3/unsupported/Eigen/src/AutoDiff/AutoDiffScalar.h
  -- Installing: C:/Program Files/Eigen3/include/eigen3/unsupported/Eigen/src/AutoDiff/AutoDiffVector.h
  -- Installing: C:/Program Files/Eigen3/include/eigen3/unsupported/Eigen/src/BVH
  -- Installing: C:/Program Files/Eigen3/include/eigen3/unsupported/Eigen/src/BVH/BVAlgorithms.h
  -- Installing: C:/Program Files/Eigen3/include/eigen3/unsupported/Eigen/src/BVH/KdBVH.h
  -- Installing: C:/Program Files/Eigen3/include/eigen3/unsupported/Eigen/src/Eigenvalues
  -- Installing: C:/Program Files/Eigen3/include/eigen3/unsupported/Eigen/src/Eigenvalues/ArpackSelfAdjointEigenSolver.h
  -- Installing: C:/Program Files/Eigen3/include/eigen3/unsupported/Eigen/src/EulerAngles
  -- Installing: C:/Program Files/Eigen3/include/eigen3/unsupported/Eigen/src/EulerAngles/EulerAngles.h
  -- Installing: C:/Program Files/Eigen3/include/eigen3/unsupported/Eigen/src/EulerAngles/EulerSystem.h
  -- Installing: C:/Program Files/Eigen3/include/eigen3/unsupported/Eigen/src/FFT
  -- Installing: C:/Program Files/Eigen3/include/eigen3/unsupported/Eigen/src/FFT/ei_fftw_impl.h
  -- Installing: C:/Program Files/Eigen3/include/eigen3/unsupported/Eigen/src/FFT/ei_kissfft_impl.h
  -- Installing: C:/Program Files/Eigen3/include/eigen3/unsupported/Eigen/src/IterativeSolvers
  -- Installing: C:/Program Files/Eigen3/include/eigen3/unsupported/Eigen/src/IterativeSolvers/ConstrainedConjGrad.h
  -- Installing: C:/Program Files/Eigen3/include/eigen3/unsupported/Eigen/src/IterativeSolvers/DGMRES.h
  -- Installing: C:/Program Files/Eigen3/include/eigen3/unsupported/Eigen/src/IterativeSolvers/GMRES.h
  -- Installing: C:/Program Files/Eigen3/include/eigen3/unsupported/Eigen/src/IterativeSolvers/IncompleteLU.h
  -- Installing: C:/Program Files/Eigen3/include/eigen3/unsupported/Eigen/src/IterativeSolvers/IterationController.h
  -- Installing: C:/Program Files/Eigen3/include/eigen3/unsupported/Eigen/src/IterativeSolvers/MINRES.h
  -- Installing: C:/Program Files/Eigen3/include/eigen3/unsupported/Eigen/src/IterativeSolvers/Scaling.h
  -- Installing: C:/Program Files/Eigen3/include/eigen3/unsupported/Eigen/src/KroneckerProduct
  -- Installing: C:/Program Files/Eigen3/include/eigen3/unsupported/Eigen/src/KroneckerProduct/KroneckerTensorProduct.h
  -- Installing: C:/Program Files/Eigen3/include/eigen3/unsupported/Eigen/src/LevenbergMarquardt
  -- Installing: C:/Program Files/Eigen3/include/eigen3/unsupported/Eigen/src/LevenbergMarquardt/LevenbergMarquardt.h
  -- Installing: C:/Program Files/Eigen3/include/eigen3/unsupported/Eigen/src/LevenbergMarquardt/LMcovar.h
  -- Installing: C:/Program Files/Eigen3/include/eigen3/unsupported/Eigen/src/LevenbergMarquardt/LMonestep.h
  -- Installing: C:/Program Files/Eigen3/include/eigen3/unsupported/Eigen/src/LevenbergMarquardt/LMpar.h
  -- Installing: C:/Program Files/Eigen3/include/eigen3/unsupported/Eigen/src/LevenbergMarquardt/LMqrsolv.h
  -- Installing: C:/Program Files/Eigen3/include/eigen3/unsupported/Eigen/src/MatrixFunctions
  -- Installing: C:/Program Files/Eigen3/include/eigen3/unsupported/Eigen/src/MatrixFunctions/MatrixExponential.h
  -- Installing: C:/Program Files/Eigen3/include/eigen3/unsupported/Eigen/src/MatrixFunctions/MatrixFunction.h
  -- Installing: C:/Program Files/Eigen3/include/eigen3/unsupported/Eigen/src/MatrixFunctions/MatrixLogarithm.h
  -- Installing: C:/Program Files/Eigen3/include/eigen3/unsupported/Eigen/src/MatrixFunctions/MatrixPower.h
  -- Installing: C:/Program Files/Eigen3/include/eigen3/unsupported/Eigen/src/MatrixFunctions/MatrixSquareRoot.h
  -- Installing: C:/Program Files/Eigen3/include/eigen3/unsupported/Eigen/src/MatrixFunctions/StemFunction.h
  -- Installing: C:/Program Files/Eigen3/include/eigen3/unsupported/Eigen/src/MoreVectorization
  -- Installing: C:/Program Files/Eigen3/include/eigen3/unsupported/Eigen/src/MoreVectorization/MathFunctions.h
  -- Installing: C:/Program Files/Eigen3/include/eigen3/unsupported/Eigen/src/NonLinearOptimization
  -- Installing: C:/Program Files/Eigen3/include/eigen3/unsupported/Eigen/src/NonLinearOptimization/chkder.h
  -- Installing: C:/Program Files/Eigen3/include/eigen3/unsupported/Eigen/src/NonLinearOptimization/covar.h
  -- Installing: C:/Program Files/Eigen3/include/eigen3/unsupported/Eigen/src/NonLinearOptimization/dogleg.h
  -- Installing: C:/Program Files/Eigen3/include/eigen3/unsupported/Eigen/src/NonLinearOptimization/fdjac1.h
  -- Installing: C:/Program Files/Eigen3/include/eigen3/unsupported/Eigen/src/NonLinearOptimization/HybridNonLinearSolver.h
  -- Installing: C:/Program Files/Eigen3/include/eigen3/unsupported/Eigen/src/NonLinearOptimization/LevenbergMarquardt.h
  -- Installing: C:/Program Files/Eigen3/include/eigen3/unsupported/Eigen/src/NonLinearOptimization/lmpar.h
  -- Installing: C:/Program Files/Eigen3/include/eigen3/unsupported/Eigen/src/NonLinearOptimization/qrsolv.h
  -- Installing: C:/Program Files/Eigen3/include/eigen3/unsupported/Eigen/src/NonLinearOptimization/r1mpyq.h
  -- Installing: C:/Program Files/Eigen3/include/eigen3/unsupported/Eigen/src/NonLinearOptimization/r1updt.h
  -- Installing: C:/Program Files/Eigen3/include/eigen3/unsupported/Eigen/src/NonLinearOptimization/rwupdt.h
  -- Installing: C:/Program Files/Eigen3/include/eigen3/unsupported/Eigen/src/NumericalDiff
  -- Installing: C:/Program Files/Eigen3/include/eigen3/unsupported/Eigen/src/NumericalDiff/NumericalDiff.h
  -- Installing: C:/Program Files/Eigen3/include/eigen3/unsupported/Eigen/src/Polynomials
  -- Installing: C:/Program Files/Eigen3/include/eigen3/unsupported/Eigen/src/Polynomials/Companion.h
  -- Installing: C:/Program Files/Eigen3/include/eigen3/unsupported/Eigen/src/Polynomials/PolynomialSolver.h
  -- Installing: C:/Program Files/Eigen3/include/eigen3/unsupported/Eigen/src/Polynomials/PolynomialUtils.h
  -- Installing: C:/Program Files/Eigen3/include/eigen3/unsupported/Eigen/src/Skyline
  -- Installing: C:/Program Files/Eigen3/include/eigen3/unsupported/Eigen/src/Skyline/SkylineInplaceLU.h
  -- Installing: C:/Program Files/Eigen3/include/eigen3/unsupported/Eigen/src/Skyline/SkylineMatrix.h
  -- Installing: C:/Program Files/Eigen3/include/eigen3/unsupported/Eigen/src/Skyline/SkylineMatrixBase.h
  -- Installing: C:/Program Files/Eigen3/include/eigen3/unsupported/Eigen/src/Skyline/SkylineProduct.h
  -- Installing: C:/Program Files/Eigen3/include/eigen3/unsupported/Eigen/src/Skyline/SkylineStorage.h
  -- Installing: C:/Program Files/Eigen3/include/eigen3/unsupported/Eigen/src/Skyline/SkylineUtil.h
  -- Installing: C:/Program Files/Eigen3/include/eigen3/unsupported/Eigen/src/SparseExtra
  -- Installing: C:/Program Files/Eigen3/include/eigen3/unsupported/Eigen/src/SparseExtra/BlockOfDynamicSparseMatrix.h
  -- Installing: C:/Program Files/Eigen3/include/eigen3/unsupported/Eigen/src/SparseExtra/BlockSparseMatrix.h
  -- Installing: C:/Program Files/Eigen3/include/eigen3/unsupported/Eigen/src/SparseExtra/DynamicSparseMatrix.h
  -- Installing: C:/Program Files/Eigen3/include/eigen3/unsupported/Eigen/src/SparseExtra/MarketIO.h
  -- Installing: C:/Program Files/Eigen3/include/eigen3/unsupported/Eigen/src/SparseExtra/MatrixMarketIterator.h
  -- Installing: C:/Program Files/Eigen3/include/eigen3/unsupported/Eigen/src/SparseExtra/RandomSetter.h
  -- Installing: C:/Program Files/Eigen3/include/eigen3/unsupported/Eigen/src/SpecialFunctions
  -- Installing: C:/Program Files/Eigen3/include/eigen3/unsupported/Eigen/src/SpecialFunctions/arch
  -- Installing: C:/Program Files/Eigen3/include/eigen3/unsupported/Eigen/src/SpecialFunctions/arch/GPU
  -- Installing: C:/Program Files/Eigen3/include/eigen3/unsupported/Eigen/src/SpecialFunctions/arch/GPU/GpuSpecialFunctions.h
  -- Installing: C:/Program Files/Eigen3/include/eigen3/unsupported/Eigen/src/SpecialFunctions/SpecialFunctionsArrayAPI.h
  -- Installing: C:/Program Files/Eigen3/include/eigen3/unsupported/Eigen/src/SpecialFunctions/SpecialFunctionsFunctors.h
  -- Installing: C:/Program Files/Eigen3/include/eigen3/unsupported/Eigen/src/SpecialFunctions/SpecialFunctionsHalf.h
  -- Installing: C:/Program Files/Eigen3/include/eigen3/unsupported/Eigen/src/SpecialFunctions/SpecialFunctionsImpl.h
  -- Installing: C:/Program Files/Eigen3/include/eigen3/unsupported/Eigen/src/SpecialFunctions/SpecialFunctionsPacketMath.h
  -- Installing: C:/Program Files/Eigen3/include/eigen3/unsupported/Eigen/src/Splines
  -- Installing: C:/Program Files/Eigen3/include/eigen3/unsupported/Eigen/src/Splines/Spline.h
  -- Installing: C:/Program Files/Eigen3/include/eigen3/unsupported/Eigen/src/Splines/SplineFitting.h
  -- Installing: C:/Program Files/Eigen3/include/eigen3/unsupported/Eigen/src/Splines/SplineFwd.h
  -- Installing: C:/Program Files/Eigen3/include/eigen3/unsupported/Eigen/CXX11/Tensor
  -- Installing: C:/Program Files/Eigen3/include/eigen3/unsupported/Eigen/CXX11/TensorSymmetry
  -- Installing: C:/Program Files/Eigen3/include/eigen3/unsupported/Eigen/CXX11/ThreadPool
  -- Installing: C:/Program Files/Eigen3/include/eigen3/unsupported/Eigen/CXX11/src
  -- Installing: C:/Program Files/Eigen3/include/eigen3/unsupported/Eigen/CXX11/src/Tensor
  -- Installing: C:/Program Files/Eigen3/include/eigen3/unsupported/Eigen/CXX11/src/Tensor/Tensor.h
  -- Installing: C:/Program Files/Eigen3/include/eigen3/unsupported/Eigen/CXX11/src/Tensor/TensorArgMax.h
  -- Installing: C:/Program Files/Eigen3/include/eigen3/unsupported/Eigen/CXX11/src/Tensor/TensorArgMaxSycl.h
  -- Installing: C:/Program Files/Eigen3/include/eigen3/unsupported/Eigen/CXX11/src/Tensor/TensorAssign.h
  -- Installing: C:/Program Files/Eigen3/include/eigen3/unsupported/Eigen/CXX11/src/Tensor/TensorBase.h
  -- Installing: C:/Program Files/Eigen3/include/eigen3/unsupported/Eigen/CXX11/src/Tensor/TensorBlock.h
  -- Installing: C:/Program Files/Eigen3/include/eigen3/unsupported/Eigen/CXX11/src/Tensor/TensorBroadcasting.h
  -- Installing: C:/Program Files/Eigen3/include/eigen3/unsupported/Eigen/CXX11/src/Tensor/TensorChipping.h
  -- Installing: C:/Program Files/Eigen3/include/eigen3/unsupported/Eigen/CXX11/src/Tensor/TensorConcatenation.h
  -- Installing: C:/Program Files/Eigen3/include/eigen3/unsupported/Eigen/CXX11/src/Tensor/TensorContraction.h
  -- Installing: C:/Program Files/Eigen3/include/eigen3/unsupported/Eigen/CXX11/src/Tensor/TensorContractionBlocking.h
  -- Installing: C:/Program Files/Eigen3/include/eigen3/unsupported/Eigen/CXX11/src/Tensor/TensorContractionCuda.h
  -- Installing: C:/Program Files/Eigen3/include/eigen3/unsupported/Eigen/CXX11/src/Tensor/TensorContractionGpu.h
  -- Installing: C:/Program Files/Eigen3/include/eigen3/unsupported/Eigen/CXX11/src/Tensor/TensorContractionMapper.h
  -- Installing: C:/Program Files/Eigen3/include/eigen3/unsupported/Eigen/CXX11/src/Tensor/TensorContractionSycl.h
  -- Installing: C:/Program Files/Eigen3/include/eigen3/unsupported/Eigen/CXX11/src/Tensor/TensorContractionThreadPool.h
  -- Installing: C:/Program Files/Eigen3/include/eigen3/unsupported/Eigen/CXX11/src/Tensor/TensorConversion.h
  -- Installing: C:/Program Files/Eigen3/include/eigen3/unsupported/Eigen/CXX11/src/Tensor/TensorConvolution.h
  -- Installing: C:/Program Files/Eigen3/include/eigen3/unsupported/Eigen/CXX11/src/Tensor/TensorConvolutionSycl.h
  -- Installing: C:/Program Files/Eigen3/include/eigen3/unsupported/Eigen/CXX11/src/Tensor/TensorCostModel.h
  -- Installing: C:/Program Files/Eigen3/include/eigen3/unsupported/Eigen/CXX11/src/Tensor/TensorCustomOp.h
  -- Installing: C:/Program Files/Eigen3/include/eigen3/unsupported/Eigen/CXX11/src/Tensor/TensorDevice.h
  -- Installing: C:/Program Files/Eigen3/include/eigen3/unsupported/Eigen/CXX11/src/Tensor/TensorDeviceCuda.h
  -- Installing: C:/Program Files/Eigen3/include/eigen3/unsupported/Eigen/CXX11/src/Tensor/TensorDeviceDefault.h
  -- Installing: C:/Program Files/Eigen3/include/eigen3/unsupported/Eigen/CXX11/src/Tensor/TensorDeviceGpu.h
  -- Installing: C:/Program Files/Eigen3/include/eigen3/unsupported/Eigen/CXX11/src/Tensor/TensorDeviceSycl.h
  -- Installing: C:/Program Files/Eigen3/include/eigen3/unsupported/Eigen/CXX11/src/Tensor/TensorDeviceThreadPool.h
  -- Installing: C:/Program Files/Eigen3/include/eigen3/unsupported/Eigen/CXX11/src/Tensor/TensorDimensionList.h
  -- Installing: C:/Program Files/Eigen3/include/eigen3/unsupported/Eigen/CXX11/src/Tensor/TensorDimensions.h
  -- Installing: C:/Program Files/Eigen3/include/eigen3/unsupported/Eigen/CXX11/src/Tensor/TensorEvalTo.h
  -- Installing: C:/Program Files/Eigen3/include/eigen3/unsupported/Eigen/CXX11/src/Tensor/TensorEvaluator.h
  -- Installing: C:/Program Files/Eigen3/include/eigen3/unsupported/Eigen/CXX11/src/Tensor/TensorExecutor.h
  -- Installing: C:/Program Files/Eigen3/include/eigen3/unsupported/Eigen/CXX11/src/Tensor/TensorExpr.h
  -- Installing: C:/Program Files/Eigen3/include/eigen3/unsupported/Eigen/CXX11/src/Tensor/TensorFFT.h
  -- Installing: C:/Program Files/Eigen3/include/eigen3/unsupported/Eigen/CXX11/src/Tensor/TensorFixedSize.h
  -- Installing: C:/Program Files/Eigen3/include/eigen3/unsupported/Eigen/CXX11/src/Tensor/TensorForcedEval.h
  -- Installing: C:/Program Files/Eigen3/include/eigen3/unsupported/Eigen/CXX11/src/Tensor/TensorForwardDeclarations.h
  -- Installing: C:/Program Files/Eigen3/include/eigen3/unsupported/Eigen/CXX11/src/Tensor/TensorFunctors.h
  -- Installing: C:/Program Files/Eigen3/include/eigen3/unsupported/Eigen/CXX11/src/Tensor/TensorGenerator.h
  -- Installing: C:/Program Files/Eigen3/include/eigen3/unsupported/Eigen/CXX11/src/Tensor/TensorGlobalFunctions.h
  -- Installing: C:/Program Files/Eigen3/include/eigen3/unsupported/Eigen/CXX11/src/Tensor/TensorGpuHipCudaDefines.h
  -- Installing: C:/Program Files/Eigen3/include/eigen3/unsupported/Eigen/CXX11/src/Tensor/TensorGpuHipCudaUndefines.h
  -- Installing: C:/Program Files/Eigen3/include/eigen3/unsupported/Eigen/CXX11/src/Tensor/TensorImagePatch.h
  -- Installing: C:/Program Files/Eigen3/include/eigen3/unsupported/Eigen/CXX11/src/Tensor/TensorIndexList.h
  -- Installing: C:/Program Files/Eigen3/include/eigen3/unsupported/Eigen/CXX11/src/Tensor/TensorInflation.h
  -- Installing: C:/Program Files/Eigen3/include/eigen3/unsupported/Eigen/CXX11/src/Tensor/TensorInitializer.h
  -- Installing: C:/Program Files/Eigen3/include/eigen3/unsupported/Eigen/CXX11/src/Tensor/TensorIntDiv.h
  -- Installing: C:/Program Files/Eigen3/include/eigen3/unsupported/Eigen/CXX11/src/Tensor/TensorIO.h
  -- Installing: C:/Program Files/Eigen3/include/eigen3/unsupported/Eigen/CXX11/src/Tensor/TensorLayoutSwap.h
  -- Installing: C:/Program Files/Eigen3/include/eigen3/unsupported/Eigen/CXX11/src/Tensor/TensorMacros.h
  -- Installing: C:/Program Files/Eigen3/include/eigen3/unsupported/Eigen/CXX11/src/Tensor/TensorMap.h
  -- Installing: C:/Program Files/Eigen3/include/eigen3/unsupported/Eigen/CXX11/src/Tensor/TensorMeta.h
  -- Installing: C:/Program Files/Eigen3/include/eigen3/unsupported/Eigen/CXX11/src/Tensor/TensorMorphing.h
  -- Installing: C:/Program Files/Eigen3/include/eigen3/unsupported/Eigen/CXX11/src/Tensor/TensorPadding.h
  -- Installing: C:/Program Files/Eigen3/include/eigen3/unsupported/Eigen/CXX11/src/Tensor/TensorPatch.h
  -- Installing: C:/Program Files/Eigen3/include/eigen3/unsupported/Eigen/CXX11/src/Tensor/TensorRandom.h
  -- Installing: C:/Program Files/Eigen3/include/eigen3/unsupported/Eigen/CXX11/src/Tensor/TensorReduction.h
  -- Installing: C:/Program Files/Eigen3/include/eigen3/unsupported/Eigen/CXX11/src/Tensor/TensorReductionCuda.h
  -- Installing: C:/Program Files/Eigen3/include/eigen3/unsupported/Eigen/CXX11/src/Tensor/TensorReductionGpu.h
  -- Installing: C:/Program Files/Eigen3/include/eigen3/unsupported/Eigen/CXX11/src/Tensor/TensorReductionSycl.h
  -- Installing: C:/Program Files/Eigen3/include/eigen3/unsupported/Eigen/CXX11/src/Tensor/TensorRef.h
  -- Installing: C:/Program Files/Eigen3/include/eigen3/unsupported/Eigen/CXX11/src/Tensor/TensorReverse.h
  -- Installing: C:/Program Files/Eigen3/include/eigen3/unsupported/Eigen/CXX11/src/Tensor/TensorScan.h
  -- Installing: C:/Program Files/Eigen3/include/eigen3/unsupported/Eigen/CXX11/src/Tensor/TensorShuffling.h
  -- Installing: C:/Program Files/Eigen3/include/eigen3/unsupported/Eigen/CXX11/src/Tensor/TensorStorage.h
  -- Installing: C:/Program Files/Eigen3/include/eigen3/unsupported/Eigen/CXX11/src/Tensor/TensorStriding.h
  -- Installing: C:/Program Files/Eigen3/include/eigen3/unsupported/Eigen/CXX11/src/Tensor/TensorSycl.h
  -- Installing: C:/Program Files/Eigen3/include/eigen3/unsupported/Eigen/CXX11/src/Tensor/TensorSyclConvertToDeviceExpression.h
  -- Installing: C:/Program Files/Eigen3/include/eigen3/unsupported/Eigen/CXX11/src/Tensor/TensorSyclExprConstructor.h
  -- Installing: C:/Program Files/Eigen3/include/eigen3/unsupported/Eigen/CXX11/src/Tensor/TensorSyclExtractAccessor.h
  -- Installing: C:/Program Files/Eigen3/include/eigen3/unsupported/Eigen/CXX11/src/Tensor/TensorSyclExtractFunctors.h
  -- Installing: C:/Program Files/Eigen3/include/eigen3/unsupported/Eigen/CXX11/src/Tensor/TensorSyclFunctors.h
  -- Installing: C:/Program Files/Eigen3/include/eigen3/unsupported/Eigen/CXX11/src/Tensor/TensorSyclLeafCount.h
  -- Installing: C:/Program Files/Eigen3/include/eigen3/unsupported/Eigen/CXX11/src/Tensor/TensorSyclPlaceHolderExpr.h
  -- Installing: C:/Program Files/Eigen3/include/eigen3/unsupported/Eigen/CXX11/src/Tensor/TensorSyclRun.h
  -- Installing: C:/Program Files/Eigen3/include/eigen3/unsupported/Eigen/CXX11/src/Tensor/TensorSyclTuple.h
  -- Installing: C:/Program Files/Eigen3/include/eigen3/unsupported/Eigen/CXX11/src/Tensor/TensorTrace.h
  -- Installing: C:/Program Files/Eigen3/include/eigen3/unsupported/Eigen/CXX11/src/Tensor/TensorTraits.h
  -- Installing: C:/Program Files/Eigen3/include/eigen3/unsupported/Eigen/CXX11/src/Tensor/TensorUInt128.h
  -- Installing: C:/Program Files/Eigen3/include/eigen3/unsupported/Eigen/CXX11/src/Tensor/TensorVolumePatch.h
  -- Installing: C:/Program Files/Eigen3/include/eigen3/unsupported/Eigen/CXX11/src/TensorSymmetry
  -- Installing: C:/Program Files/Eigen3/include/eigen3/unsupported/Eigen/CXX11/src/TensorSymmetry/DynamicSymmetry.h
  -- Installing: C:/Program Files/Eigen3/include/eigen3/unsupported/Eigen/CXX11/src/TensorSymmetry/StaticSymmetry.h
  -- Installing: C:/Program Files/Eigen3/include/eigen3/unsupported/Eigen/CXX11/src/TensorSymmetry/Symmetry.h
  -- Installing: C:/Program Files/Eigen3/include/eigen3/unsupported/Eigen/CXX11/src/TensorSymmetry/util
  -- Installing: C:/Program Files/Eigen3/include/eigen3/unsupported/Eigen/CXX11/src/TensorSymmetry/util/TemplateGroupTheory.h
  -- Installing: C:/Program Files/Eigen3/include/eigen3/unsupported/Eigen/CXX11/src/ThreadPool
  -- Installing: C:/Program Files/Eigen3/include/eigen3/unsupported/Eigen/CXX11/src/ThreadPool/Barrier.h
  -- Installing: C:/Program Files/Eigen3/include/eigen3/unsupported/Eigen/CXX11/src/ThreadPool/EventCount.h
  -- Installing: C:/Program Files/Eigen3/include/eigen3/unsupported/Eigen/CXX11/src/ThreadPool/NonBlockingThreadPool.h
  -- Installing: C:/Program Files/Eigen3/include/eigen3/unsupported/Eigen/CXX11/src/ThreadPool/RunQueue.h
  -- Installing: C:/Program Files/Eigen3/include/eigen3/unsupported/Eigen/CXX11/src/ThreadPool/ThreadCancel.h
  -- Installing: C:/Program Files/Eigen3/include/eigen3/unsupported/Eigen/CXX11/src/ThreadPool/ThreadEnvironment.h
  -- Installing: C:/Program Files/Eigen3/include/eigen3/unsupported/Eigen/CXX11/src/ThreadPool/ThreadLocal.h
  -- Installing: C:/Program Files/Eigen3/include/eigen3/unsupported/Eigen/CXX11/src/ThreadPool/ThreadPoolInterface.h
  -- Installing: C:/Program Files/Eigen3/include/eigen3/unsupported/Eigen/CXX11/src/ThreadPool/ThreadYield.h
  -- Installing: C:/Program Files/Eigen3/include/eigen3/unsupported/Eigen/CXX11/src/util
  -- Installing: C:/Program Files/Eigen3/include/eigen3/unsupported/Eigen/CXX11/src/util/CXX11Meta.h
  -- Installing: C:/Program Files/Eigen3/include/eigen3/unsupported/Eigen/CXX11/src/util/CXX11Workarounds.h
  -- Installing: C:/Program Files/Eigen3/include/eigen3/unsupported/Eigen/CXX11/src/util/EmulateArray.h
  -- Installing: C:/Program Files/Eigen3/include/eigen3/unsupported/Eigen/CXX11/src/util/EmulateCXX11Meta.h
  -- Installing: C:/Program Files/Eigen3/include/eigen3/unsupported/Eigen/CXX11/src/util/MaxSizeVector.h
